#
# There is insufficient memory for the Java Runtime Environment to continue.
# Native memory allocation (mmap) failed to map 257949696 bytes for G1 virtual space
# Possible reasons:
#   The system is out of physical RAM or swap space
#   The process is running with CompressedOops enabled, and the Java Heap may be blocking the growth of the native heap
# Possible solutions:
#   Reduce memory load on the system
#   Increase physical memory or swap space
#   Check if swap backing store is full
#   Decrease Java heap size (-Xmx/-Xms)
#   Decrease number of Java threads
#   Decrease Java thread stack sizes (-Xss)
#   Set larger code cache with -XX:ReservedCodeCacheSize=
#   JVM is running with Zero Based Compressed Oops mode in which the Java heap is
#     placed in the first 32GB address space. The Java Heap base address is the
#     maximum limit for the native heap growth. Please use -XX:HeapBaseMinAddress
#     to set the Java Heap base and to place the Java Heap above 32GB virtual address.
# This output file may be truncated or incomplete.
#
#  Out of Memory Error (os_windows.cpp:3760), pid=22688, tid=27164
#
# JRE version:  (17.0.5+1) (build )
# Java VM: OpenJDK 64-Bit Server VM (17.0.5+1-b653.25, mixed mode, sharing, tiered, compressed oops, compressed class ptrs, g1 gc, windows-amd64)
# No core dump will be written. Minidumps are not enabled by default on client versions of Windows
#

---------------  S U M M A R Y ------------

Command Line: git4idea.http.GitAskPassApp Username for 'https://github.com': 

Host: AMD Ryzen 7 6800H with Radeon Graphics         , 16 cores, 15G,  Windows 10 , 64 bit Build 19041 (10.0.19041.2546)
Time: Sun Apr 16 21:02:44 2023 SE Asia Standard Time elapsed time: 0.015324 seconds (0d 0h 0m 0s)

---------------  T H R E A D  ---------------

Current thread (0x0000014d32f3f810):  JavaThread "Unknown thread" [_thread_in_vm, id=27164, stack(0x0000001175400000,0x0000001175500000)]

Stack: [0x0000001175400000,0x0000001175500000]
Native frames: (J=compiled Java code, j=interpreted, Vv=VM code, C=native code)
V  [jvm.dll+0x6830ca]
V  [jvm.dll+0x83f4c4]
V  [jvm.dll+0x840c6e]
V  [jvm.dll+0x8412d3]
V  [jvm.dll+0x2490b5]
V  [jvm.dll+0x67ff99]
V  [jvm.dll+0x6744aa]
V  [jvm.dll+0x308f2b]
V  [jvm.dll+0x3103e6]
V  [jvm.dll+0x36013e]
V  [jvm.dll+0x36036f]
V  [jvm.dll+0x2df018]
V  [jvm.dll+0x2dff84]
V  [jvm.dll+0x810d91]
V  [jvm.dll+0x36df31]
V  [jvm.dll+0x7f028c]
V  [jvm.dll+0x3f0cbf]
V  [jvm.dll+0x3f2801]
C  [jli.dll+0x526b]
C  [ucrtbase.dll+0x21bb2]
C  [KERNEL32.DLL+0x17614]
C  [ntdll.dll+0x526a1]


---------------  P R O C E S S  ---------------

Threads class SMR info:
_java_thread_list=0x00007ffc821e8f98, length=0, elements={
}

Java Threads: ( => current thread )

Other Threads:
  0x0000014d32fa8020 GCTaskThread "GC Thread#0" [stack: 0x0000001175500000,0x0000001175600000] [id=34884]
  0x0000014d32fb83a0 ConcurrentGCThread "G1 Main Marker" [stack: 0x0000001175600000,0x0000001175700000] [id=17664]
  0x0000014d32fba560 ConcurrentGCThread "G1 Conc#0" [stack: 0x0000001175700000,0x0000001175800000] [id=19628]

[error occurred during error reporting (printing all threads), id 0xc0000005, EXCEPTION_ACCESS_VIOLATION (0xc0000005) at pc=0x00007ffc8199fbd7]

VM state: not at safepoint (not fully initialized)

VM Mutex/Monitor currently owned by a thread:  ([mutex/lock_event])
[0x0000014d32f38070] Heap_lock - owner thread: 0x0000014d32f3f810

Heap address: 0x000000070bc00000, size: 3908 MB, Compressed Oops mode: Zero based, Oop shift amount: 3

CDS archive(s) mapped at: [0x0000000000000000-0x0000000000000000-0x0000000000000000), size 0, SharedBaseAddress: 0x0000000800000000, ArchiveRelocationMode: 0.
Narrow klass base: 0x0000000000000000, Narrow klass shift: 0, Narrow klass range: 0x0

GC Precious Log:
<Empty>

Heap:
 garbage-first heap   total 0K, used 0K [0x000000070bc00000, 0x0000000800000000)
  region size 2048K, 0 young (0K), 0 survivors (0K)

[error occurred during error reporting (printing heap information), id 0xc0000005, EXCEPTION_ACCESS_VIOLATION (0xc0000005) at pc=0x00007ffc81d8cd59]

GC Heap History (0 events):
No events

Dll operation events (1 events):
Event: 0.009 Loaded shared library D:\Programming\IntelliJ\jbr\bin\java.dll

Deoptimization events (0 events):
No events

Classes unloaded (0 events):
No events

Classes redefined (0 events):
No events

Internal exceptions (0 events):
No events

VM Operations (0 events):
No events

Events (0 events):
No events


Dynamic libraries:
0x00007ff62f180000 - 0x00007ff62f18a000 	D:\Programming\IntelliJ\jbr\bin\java.exe
0x00007ffcc91f0000 - 0x00007ffcc93e8000 	C:\Windows\SYSTEM32\ntdll.dll
0x00007ffcc8dd0000 - 0x00007ffcc8e8f000 	C:\Windows\System32\KERNEL32.DLL
0x00007ffcc69e0000 - 0x00007ffcc6cb2000 	C:\Windows\System32\KERNELBASE.dll
0x00007ffcc6d20000 - 0x00007ffcc6e20000 	C:\Windows\System32\ucrtbase.dll
0x00007ffcb1d50000 - 0x00007ffcb1d67000 	D:\Programming\IntelliJ\jbr\bin\jli.dll
0x00007ffca8220000 - 0x00007ffca823b000 	D:\Programming\IntelliJ\jbr\bin\VCRUNTIME140.dll
0x00007ffcc7430000 - 0x00007ffcc75d1000 	C:\Windows\System32\USER32.dll
0x00007ffcc6cc0000 - 0x00007ffcc6ce2000 	C:\Windows\System32\win32u.dll
0x00007ffcc8c20000 - 0x00007ffcc8c4b000 	C:\Windows\System32\GDI32.dll
0x00007ffcb3780000 - 0x00007ffcb3a1a000 	C:\Windows\WinSxS\amd64_microsoft.windows.common-controls_6595b64144ccf1df_6.0.19041.1110_none_60b5254171f9507e\COMCTL32.dll
0x00007ffcc6fc0000 - 0x00007ffcc70cf000 	C:\Windows\System32\gdi32full.dll
0x00007ffcc76c0000 - 0x00007ffcc775e000 	C:\Windows\System32\msvcrt.dll
0x00007ffcc6e90000 - 0x00007ffcc6f2d000 	C:\Windows\System32\msvcp_win.dll
0x00007ffcc8ef0000 - 0x00007ffcc8f22000 	C:\Windows\System32\IMM32.DLL
0x00007ffcc0110000 - 0x00007ffcc011c000 	D:\Programming\IntelliJ\jbr\bin\vcruntime140_1.dll
0x00007ffc89270000 - 0x00007ffc892fd000 	D:\Programming\IntelliJ\jbr\bin\msvcp140.dll
0x00007ffc816b0000 - 0x00007ffc8231b000 	D:\Programming\IntelliJ\jbr\bin\server\jvm.dll
0x00007ffcc8b70000 - 0x00007ffcc8c1e000 	C:\Windows\System32\ADVAPI32.dll
0x00007ffcc8c50000 - 0x00007ffcc8cec000 	C:\Windows\System32\sechost.dll
0x00007ffcc9020000 - 0x00007ffcc9145000 	C:\Windows\System32\RPCRT4.dll
0x00007ffc861c0000 - 0x00007ffc861c9000 	C:\Windows\SYSTEM32\WSOCK32.dll
0x00007ffcbff80000 - 0x00007ffcbffa7000 	C:\Windows\SYSTEM32\WINMM.dll
0x00007ffcbffb0000 - 0x00007ffcbffba000 	C:\Windows\SYSTEM32\VERSION.dll
0x00007ffcc7760000 - 0x00007ffcc77cb000 	C:\Windows\System32\WS2_32.dll
0x00007ffcc4780000 - 0x00007ffcc4792000 	C:\Windows\SYSTEM32\kernel.appcore.dll
0x00007ffcc0180000 - 0x00007ffcc018a000 	D:\Programming\IntelliJ\jbr\bin\jimage.dll
0x00007ffcbe070000 - 0x00007ffcbe254000 	C:\Windows\SYSTEM32\DBGHELP.DLL
0x00007ffcbdcb0000 - 0x00007ffcbdce5000 	C:\Windows\SYSTEM32\dbgcore.DLL
0x00007ffcc6f30000 - 0x00007ffcc6fb2000 	C:\Windows\System32\bcryptPrimitives.dll
0x00007ffcbe480000 - 0x00007ffcbe4a5000 	D:\Programming\IntelliJ\jbr\bin\java.dll

dbghelp: loaded successfully - version: 4.0.5 - missing functions: none
symbol engine: initialized successfully - sym options: 0x614 - pdb path: .;D:\Programming\IntelliJ\jbr\bin;C:\Windows\SYSTEM32;C:\Windows\WinSxS\amd64_microsoft.windows.common-controls_6595b64144ccf1df_6.0.19041.1110_none_60b5254171f9507e;D:\Programming\IntelliJ\jbr\bin\server

VM Arguments:
java_command: git4idea.http.GitAskPassApp Username for 'https://github.com': 
java_class_path (initial): D:/Programming/IntelliJ/plugins/vcs-git/lib/git4idea-rt.jar;D:/Programming/IntelliJ/lib/externalProcess-rt.jar;D:/Programming/IntelliJ/lib/app.jar;D:/Programming/IntelliJ/lib/3rd-party-rt.jar
Launcher Type: SUN_STANDARD

[Global flags]
     intx CICompilerCount                          = 12                                        {product} {ergonomic}
     uint ConcGCThreads                            = 3                                         {product} {ergonomic}
     uint G1ConcRefinementThreads                  = 13                                        {product} {ergonomic}
   size_t G1HeapRegionSize                         = 2097152                                   {product} {ergonomic}
    uintx GCDrainStackTargetSize                   = 64                                        {product} {ergonomic}
   size_t InitialHeapSize                          = 257949696                                 {product} {ergonomic}
   size_t MarkStackSize                            = 4194304                                   {product} {ergonomic}
   size_t MaxHeapSize                              = 4097835008                                {product} {ergonomic}
   size_t MinHeapDeltaBytes                        = 2097152                                   {product} {ergonomic}
   size_t MinHeapSize                              = 8388608                                   {product} {ergonomic}
    uintx NonNMethodCodeHeapSize                   = 7602480                                {pd product} {ergonomic}
    uintx NonProfiledCodeHeapSize                  = 122027880                              {pd product} {ergonomic}
    uintx ProfiledCodeHeapSize                     = 122027880                              {pd product} {ergonomic}
    uintx ReservedCodeCacheSize                    = 251658240                              {pd product} {ergonomic}
     bool SegmentedCodeCache                       = true                                      {product} {ergonomic}
   size_t SoftMaxHeapSize                          = 4097835008                             {manageable} {ergonomic}
     bool UseCompressedClassPointers               = true                           {product lp64_product} {ergonomic}
     bool UseCompressedOops                        = true                           {product lp64_product} {ergonomic}
     bool UseG1GC                                  = true                                      {product} {ergonomic}
     bool UseLargePagesIndividualAllocation        = false                                  {pd product} {ergonomic}

Logging:
Log output configuration:
 #0: stdout all=warning uptime,level,tags
 #1: stderr all=off uptime,level,tags

Environment Variables:
PATH=C:\Program Files\Git\mingw64\libexec\git-core;C:\Program Files\Git\mingw64\libexec\git-core;C:\Program Files\Git\mingw64\bin;C:\Program Files\Git\usr\bin;C:\Users\Anh\bin;C:\Python311\Scripts;C:\Python311;C:\Program Files\NVIDIA GPU Computing Toolkit\CUDA\v11.8\bin;C:\Program Files\NVIDIA GPU Computing Toolkit\CUDA\v11.8\libnvvp;C:\Program Files\Microsoft\jdk-11.0.16.101-hotspot\bin;C:\Program Files\Common Files\Oracle\Java\javapath;C:\Program Files (x86)\Common Files\Oracle\Java\javapath;C:\ProgramData\Oracle\Java\javapath;C:\Program Files (x86)\Common Files\Intel\Shared Libraries\redist\intel64\compiler;C:\Windows\system32;C:\Windows;C:\Windows\System32\Wbem;C:\Windows\System32\WindowsPowerShell\v1.0;C:\Windows\System32\OpenSSH;C:\Program Files (x86)\NVIDIA Corporation\PhysX\Common;C:\Program Files\NVIDIA Corporation\NVIDIA NvDLISR;C:\Program Files\Git\cmd;C:\Program Files\dotnet;C:\Program Files\NVIDIA Corporation\Nsight Compute 2022.3.0;C:\Program Files\nodejs;C:\ProgramData\chocolatey\bin;C:\Program Files\Cloudflare\Cloudflare WARP;D:\Programming\MinGW\mingw64\bin;D:\Programming\SFML\SFML-2.5.1\bin;D:\Programming\SFML\SFML-2.5.1\include;D:\Programming\SFML\SFML-2.5.1\lib;C:\Users\Anh\AppData\Local\Programs\Python\Python310\Scripts;C:\Users\Anh\AppData\Local\Programs\Python\Python310;C:\Users\Anh\AppData\Local\Microsoft\WindowsApps;D:\Programming\Visual Code\bin;D:\Programming\IntelliJ\bin;D:\Programming\JavaFX\javafx-sdk-19.0.2.1\bin;D:\Programming\JavaFX\javafx-sdk-19.0.2.1\lib;D:\Programming\JavaFX\javafx-sdk-19.0.2.1\legal;C:\Users\Anh\AppData\Local\GitHubDesktop\bin;D:\Programming\JetBrains Rider\JetBrains Rider 2022.3.2\bin;C:\Users\Anh\.dotnet\tools;C:\Users\Anh\AppData\Roaming\npm
USERNAME=Anh
DISPLAY=:0.0
LC_ALL=en_US.UTF-8
TERM=xterm-256color
TMPDIR=C:\Users\Anh\AppData\Local\Temp
OS=Windows_NT
PROCESSOR_IDENTIFIER=AMD64 Family 25 Model 68 Stepping 1, AuthenticAMD
TMP=C:\Users\Anh\AppData\Local\Temp
TEMP=C:\Users\Anh\AppData\Local\Temp



---------------  S Y S T E M  ---------------

OS:
 Windows 10 , 64 bit Build 19041 (10.0.19041.2546)
OS uptime: 1 days 3:15 hours

CPU: total 16 (initial active 16) (16 cores per cpu, 2 threads per core) family 25 model 68 stepping 1 microcode 0x0, cx8, cmov, fxsr, ht, mmx, 3dnowpref, sse, sse2, sse3, ssse3, sse4a, sse4.1, sse4.2, popcnt, lzcnt, tsc, tscinvbit, avx, avx2, aes, erms, clmul, bmi1, bmi2, adx, sha, fma, vzeroupper, clflush, clflushopt

Memory: 4k page, system-wide physical 15628M (1294M free)
TotalPageFile size 34740M (AvailPageFile size 148M)
current process WorkingSet (physical memory assigned to process): 10M, peak: 10M
current process commit charge ("private bytes"): 70M, peak: 316M

vm_info: OpenJDK 64-Bit Server VM (17.0.5+1-b653.25) for windows-amd64 JRE (17.0.5+1-b653.25), built on 2023-01-04 by "builduser" with MS VC++ 16.10 / 16.11 (VS2019)

END.
